Exception in thread Thread-2 (start_monitoring):
/run/media/fahad-mustafa/Local Disk/Zero_Trust_IOT_Devices/backend/main.py:534: DeprecationWarning: 
        on_event is deprecated, use lifespan event handlers instead.

        Read more about it in the
        [FastAPI docs for Lifespan Events](https://fastapi.tiangolo.com/advanced/events/).
        
  @app.on_event("startup")
Traceback (most recent call last):
  File "/usr/lib/python3.14/threading.py", line 1082, in _bootstrap_inner
    self._context.run(self.run)
    ~~~~~~~~~~~~~~~~~^^^^^^^^^^
  File "/usr/lib/python3.14/threading.py", line 1024, in run
    self._target(*self._args, **self._kwargs)
    ~~~~~~~~~~~~^^^^^^^^^^^^^^^^^^^^^^^^^^^^^
  File "/run/media/fahad-mustafa/Local Disk/Zero_Trust_IOT_Devices/backend/monitor.py", line 133, in start_monitoring
    sniff(iface=self.interface, prn=self._process_packet, store=0)
    ~~~~~^^^^^^^^^^^^^^^^^^^^^^^^^^^^^^^^^^^^^^^^^^^^^^^^^^^^^^^^^
  File "/run/media/fahad-mustafa/Local Disk/Zero_Trust_IOT_Devices/.venv/lib/python3.14/site-packages/scapy/sendrecv.py", line 1438, in sniff
    sniffer._run(*args, **kwargs)
    ~~~~~~~~~~~~^^^^^^^^^^^^^^^^^
  File "/run/media/fahad-mustafa/Local Disk/Zero_Trust_IOT_Devices/.venv/lib/python3.14/site-packages/scapy/sendrecv.py", line 1283, in _run
    sniff_sockets[_RL2(iface)(type=ETH_P_ALL, iface=iface,
                  ~~~~~~~~~~~^^^^^^^^^^^^^^^^^^^^^^^^^^^^^
                              **karg)] = iface
                              ^^^^^^^
  File "/run/media/fahad-mustafa/Local Disk/Zero_Trust_IOT_Devices/.venv/lib/python3.14/site-packages/scapy/arch/linux/__init__.py", line 219, in __init__
    self.ins = socket.socket(
               ~~~~~~~~~~~~~^
        socket.AF_PACKET, socket.SOCK_RAW, socket.htons(type))
        ^^^^^^^^^^^^^^^^^^^^^^^^^^^^^^^^^^^^^^^^^^^^^^^^^^^^^^
  File "/usr/lib/python3.14/socket.py", line 236, in __init__
    _socket.socket.__init__(self, family, type, proto, fileno)
    ~~~~~~~~~~~~~~~~~~~~~~~^^^^^^^^^^^^^^^^^^^^^^^^^^^^^^^^^^^
PermissionError: [Errno 1] Operation not permitted
INFO:     Started server process [10782]
INFO:     Waiting for application startup.
INFO:     Application startup complete.
ERROR:    [Errno 98] error while attempting to bind on address ('0.0.0.0', 8000): [errno 98] address already in use
INFO:     Waiting for application shutdown.
INFO:     Application shutdown complete.
[*] Auto-detected LAN_INTERFACE=wlp2s0
[*] Auto-detected WAN_INTERFACE=wlp2s0
[*] Hotspot not active on wlp2s0 (mode=managed). Device discovery is paused.
[*] Configuring Linux Kernel for Zero-Trust Routing...
[+] Zero-Trust Lockdown Active. Internet is now restricted.
[*] Scout is listening on wlp2s0 (lightweight capture)...
[!] Scout sniffing failed on wlp2s0: [Errno 1] Operation not permitted
[*] Traffic Monitor active on wlp2s0 (Limit: 50.0MB)
